{
  "stats": {
    "suites": 1,
    "tests": 1,
    "passes": 1,
    "pending": 0,
    "failures": 0,
    "start": "2022-06-06T17:56:05.663Z",
    "end": "2022-06-06T17:56:25.745Z",
    "duration": 20082,
    "testsRegistered": 1,
    "passPercent": 100,
    "pendingPercent": 0,
    "other": 0,
    "hasOther": false,
    "skipped": 0,
    "hasSkipped": false
  },
  "results": [
    {
      "uuid": "c0a56938-70f9-44ff-b4f1-4012d3618aad",
      "title": "",
      "fullFile": "cypress/integration/t-shirt/buy-tshirt.spec.ts",
      "file": "cypress/integration/t-shirt/buy-tshirt.spec.ts",
      "beforeHooks": [],
      "afterHooks": [],
      "tests": [],
      "suites": [
        {
          "uuid": "f9753e3c-015b-4cf0-854c-a7bd5ae31fa6",
          "title": "Buy a t-shirt",
          "fullFile": "",
          "file": "",
          "beforeHooks": [],
          "afterHooks": [],
          "tests": [
            {
              "title": "then should be bought a t-shirt",
              "fullTitle": "Buy a t-shirt then should be bought a t-shirt",
              "timedOut": null,
              "duration": 18016,
              "state": "passed",
              "speed": "slow",
              "pass": true,
              "fail": false,
              "pending": false,
              "context": null,
              "code": "menuContentPage.visitMenuContentPage();\nmenuContentPage.goToTShirtsMenu();\ntshirts.selectTshirt(product.productName);\nmodalWindowCart.goToOrderSummary();\norderSummary.goToAuthentication();\nauthentication.login(userCredentials.emailTest, userCredentials.passwordTest);\naddresses.goToShipping();\nshipping.goToPayment();\npayment.payByBankWire();\npaymentConfirmation.goToConfirmation();\nsummaryPayment.getTextConfirmation().should(\"contains.text\", \"Your order on My Store is complete.\");",
              "err": {},
              "uuid": "8da8bcbb-bbf1-45ee-9e5e-319adfb7af9b",
              "parentUUID": "f9753e3c-015b-4cf0-854c-a7bd5ae31fa6",
              "isHook": false,
              "skipped": false
            }
          ],
          "suites": [],
          "passes": [
            "8da8bcbb-bbf1-45ee-9e5e-319adfb7af9b"
          ],
          "failures": [],
          "pending": [],
          "skipped": [],
          "duration": 18016,
          "root": false,
          "rootEmpty": false,
          "_timeout": 2000
        }
      ],
      "passes": [],
      "failures": [],
      "pending": [],
      "skipped": [],
      "duration": 0,
      "root": true,
      "rootEmpty": true,
      "_timeout": 2000
    }
  ],
  "meta": {
    "mocha": {
      "version": "7.0.1"
    },
    "mochawesome": {
      "options": {
        "quiet": false,
        "reportFilename": "mochawesome",
        "saveHtml": false,
        "saveJson": true,
        "consoleReporter": "spec",
        "useInlineDiffs": false,
        "code": true
      },
      "version": "7.1.3"
    },
    "marge": {
      "options": {
        "id": "default",
        "reportDir": "cypress/reports/mocha",
        "quite": true,
        "overwrite": false,
        "html": false,
        "json": true
      },
      "version": "6.2.0"
    }
  }
}