{
  "stats": {
    "suites": 1,
    "tests": 2,
    "passes": 2,
    "pending": 0,
    "failures": 0,
    "start": "2022-06-06T17:55:46.849Z",
    "end": "2022-06-06T17:55:56.720Z",
    "duration": 9871,
    "testsRegistered": 2,
    "passPercent": 100,
    "pendingPercent": 0,
    "other": 0,
    "hasOther": false,
    "skipped": 0,
    "hasSkipped": false
  },
  "results": [
    {
      "uuid": "72562c62-acf2-4d95-af21-72b64b94d4fc",
      "title": "",
      "fullFile": "cypress/integration/dress/dresses-list.spec.ts",
      "file": "cypress/integration/dress/dresses-list.spec.ts",
      "beforeHooks": [],
      "afterHooks": [],
      "tests": [],
      "suites": [
        {
          "uuid": "da484f66-7573-4d27-a332-e067420d7cea",
          "title": "the user navigates to the dresses page should",
          "fullFile": "",
          "file": "",
          "beforeHooks": [],
          "afterHooks": [],
          "tests": [
            {
              "title": "show the available amount of dresses",
              "fullTitle": "the user navigates to the dresses page should show the available amount of dresses",
              "timedOut": null,
              "duration": 4416,
              "state": "passed",
              "speed": "fast",
              "pass": true,
              "fail": false,
              "pending": false,
              "context": null,
              "code": "menuContentPage.visitMenuContentPage();\nmenuContentPage.goToDressesMenu();\ndresses.validateItemsNumber(product.dressesAmount);",
              "err": {},
              "uuid": "bb0f8a7a-1603-4aa8-aa14-4e2ab9de5328",
              "parentUUID": "da484f66-7573-4d27-a332-e067420d7cea",
              "isHook": false,
              "skipped": false
            },
            {
              "title": "the dress names appear correctly",
              "fullTitle": "the user navigates to the dresses page should the dress names appear correctly",
              "timedOut": null,
              "duration": 2586,
              "state": "passed",
              "speed": "fast",
              "pass": true,
              "fail": false,
              "pending": false,
              "context": null,
              "code": "menuContentPage.visitMenuContentPage();\nmenuContentPage.goToDressesMenu();\ndresses.validateItemsNames(product.dressesName);",
              "err": {},
              "uuid": "a0c42bce-2951-41c5-aace-1027b50cb25c",
              "parentUUID": "da484f66-7573-4d27-a332-e067420d7cea",
              "isHook": false,
              "skipped": false
            }
          ],
          "suites": [],
          "passes": [
            "bb0f8a7a-1603-4aa8-aa14-4e2ab9de5328",
            "a0c42bce-2951-41c5-aace-1027b50cb25c"
          ],
          "failures": [],
          "pending": [],
          "skipped": [],
          "duration": 7002,
          "root": false,
          "rootEmpty": false,
          "_timeout": 2000
        }
      ],
      "passes": [],
      "failures": [],
      "pending": [],
      "skipped": [],
      "duration": 0,
      "root": true,
      "rootEmpty": true,
      "_timeout": 2000
    }
  ],
  "meta": {
    "mocha": {
      "version": "7.0.1"
    },
    "mochawesome": {
      "options": {
        "quiet": false,
        "reportFilename": "mochawesome",
        "saveHtml": false,
        "saveJson": true,
        "consoleReporter": "spec",
        "useInlineDiffs": false,
        "code": true
      },
      "version": "7.1.3"
    },
    "marge": {
      "options": {
        "id": "default",
        "reportDir": "cypress/reports/mocha",
        "quite": true,
        "overwrite": false,
        "html": false,
        "json": true
      },
      "version": "6.2.0"
    }
  }
}