{
  "stats": {
    "suites": 3,
    "tests": 4,
    "passes": 4,
    "pending": 0,
    "failures": 0,
    "start": "2022-06-06T17:55:46.849Z",
    "end": "2022-06-06T17:56:25.745Z",
    "duration": 26817,
    "testsRegistered": 4,
    "passPercent": 100,
    "pendingPercent": 0,
    "other": 0,
    "hasOther": false,
    "skipped": 0,
    "hasSkipped": false
  },
  "results": [
    {
      "uuid": "25e272e4-5225-41c4-b182-b7ab4dd2c970",
      "title": "",
      "fullFile": "cypress/integration/google.spec.ts",
      "file": "cypress/integration/google.spec.ts",
      "beforeHooks": [],
      "afterHooks": [],
      "tests": [],
      "suites": [
        {
          "uuid": "b708d9e8-b0e1-4884-9c72-786764797c8a",
          "title": "This is my first cypress test",
          "fullFile": "",
          "file": "",
          "beforeHooks": [],
          "afterHooks": [],
          "tests": [
            {
              "title": "should have a title",
              "fullTitle": "This is my first cypress test should have a title",
              "timedOut": null,
              "duration": 1799,
              "state": "passed",
              "speed": "fast",
              "pass": true,
              "fail": false,
              "pending": false,
              "context": null,
              "code": "cy.visit(\"https://www.google.com/\");\ncy.title().should(\"eq\", \"Google\");",
              "err": {},
              "uuid": "aea3a93d-7204-41e5-813d-78ca577977d8",
              "parentUUID": "b708d9e8-b0e1-4884-9c72-786764797c8a",
              "isHook": false,
              "skipped": false
            }
          ],
          "suites": [],
          "passes": [
            "aea3a93d-7204-41e5-813d-78ca577977d8"
          ],
          "failures": [],
          "pending": [],
          "skipped": [],
          "duration": 1799,
          "root": false,
          "rootEmpty": false,
          "_timeout": 2000
        }
      ],
      "passes": [],
      "failures": [],
      "pending": [],
      "skipped": [],
      "duration": 0,
      "root": true,
      "rootEmpty": true,
      "_timeout": 2000
    },
    {
      "uuid": "c0a56938-70f9-44ff-b4f1-4012d3618aad",
      "title": "",
      "fullFile": "cypress/integration/t-shirt/buy-tshirt.spec.ts",
      "file": "cypress/integration/t-shirt/buy-tshirt.spec.ts",
      "beforeHooks": [],
      "afterHooks": [],
      "tests": [],
      "suites": [
        {
          "uuid": "f9753e3c-015b-4cf0-854c-a7bd5ae31fa6",
          "title": "Buy a t-shirt",
          "fullFile": "",
          "file": "",
          "beforeHooks": [],
          "afterHooks": [],
          "tests": [
            {
              "title": "then should be bought a t-shirt",
              "fullTitle": "Buy a t-shirt then should be bought a t-shirt",
              "timedOut": null,
              "duration": 18016,
              "state": "passed",
              "speed": "slow",
              "pass": true,
              "fail": false,
              "pending": false,
              "context": null,
              "code": "menuContentPage.visitMenuContentPage();\nmenuContentPage.goToTShirtsMenu();\ntshirts.selectTshirt(product.productName);\nmodalWindowCart.goToOrderSummary();\norderSummary.goToAuthentication();\nauthentication.login(userCredentials.emailTest, userCredentials.passwordTest);\naddresses.goToShipping();\nshipping.goToPayment();\npayment.payByBankWire();\npaymentConfirmation.goToConfirmation();\nsummaryPayment.getTextConfirmation().should(\"contains.text\", \"Your order on My Store is complete.\");",
              "err": {},
              "uuid": "8da8bcbb-bbf1-45ee-9e5e-319adfb7af9b",
              "parentUUID": "f9753e3c-015b-4cf0-854c-a7bd5ae31fa6",
              "isHook": false,
              "skipped": false
            }
          ],
          "suites": [],
          "passes": [
            "8da8bcbb-bbf1-45ee-9e5e-319adfb7af9b"
          ],
          "failures": [],
          "pending": [],
          "skipped": [],
          "duration": 18016,
          "root": false,
          "rootEmpty": false,
          "_timeout": 2000
        }
      ],
      "passes": [],
      "failures": [],
      "pending": [],
      "skipped": [],
      "duration": 0,
      "root": true,
      "rootEmpty": true,
      "_timeout": 2000
    },
    {
      "uuid": "72562c62-acf2-4d95-af21-72b64b94d4fc",
      "title": "",
      "fullFile": "cypress/integration/dress/dresses-list.spec.ts",
      "file": "cypress/integration/dress/dresses-list.spec.ts",
      "beforeHooks": [],
      "afterHooks": [],
      "tests": [],
      "suites": [
        {
          "uuid": "da484f66-7573-4d27-a332-e067420d7cea",
          "title": "the user navigates to the dresses page should",
          "fullFile": "",
          "file": "",
          "beforeHooks": [],
          "afterHooks": [],
          "tests": [
            {
              "title": "show the available amount of dresses",
              "fullTitle": "the user navigates to the dresses page should show the available amount of dresses",
              "timedOut": null,
              "duration": 4416,
              "state": "passed",
              "speed": "fast",
              "pass": true,
              "fail": false,
              "pending": false,
              "context": null,
              "code": "menuContentPage.visitMenuContentPage();\nmenuContentPage.goToDressesMenu();\ndresses.validateItemsNumber(product.dressesAmount);",
              "err": {},
              "uuid": "bb0f8a7a-1603-4aa8-aa14-4e2ab9de5328",
              "parentUUID": "da484f66-7573-4d27-a332-e067420d7cea",
              "isHook": false,
              "skipped": false
            },
            {
              "title": "the dress names appear correctly",
              "fullTitle": "the user navigates to the dresses page should the dress names appear correctly",
              "timedOut": null,
              "duration": 2586,
              "state": "passed",
              "speed": "fast",
              "pass": true,
              "fail": false,
              "pending": false,
              "context": null,
              "code": "menuContentPage.visitMenuContentPage();\nmenuContentPage.goToDressesMenu();\ndresses.validateItemsNames(product.dressesName);",
              "err": {},
              "uuid": "a0c42bce-2951-41c5-aace-1027b50cb25c",
              "parentUUID": "da484f66-7573-4d27-a332-e067420d7cea",
              "isHook": false,
              "skipped": false
            }
          ],
          "suites": [],
          "passes": [
            "bb0f8a7a-1603-4aa8-aa14-4e2ab9de5328",
            "a0c42bce-2951-41c5-aace-1027b50cb25c"
          ],
          "failures": [],
          "pending": [],
          "skipped": [],
          "duration": 7002,
          "root": false,
          "rootEmpty": false,
          "_timeout": 2000
        }
      ],
      "passes": [],
      "failures": [],
      "pending": [],
      "skipped": [],
      "duration": 0,
      "root": true,
      "rootEmpty": true,
      "_timeout": 2000
    }
  ],
  "meta": {
    "mocha": {
      "version": "7.0.1"
    },
    "mochawesome": {
      "options": {
        "quiet": false,
        "reportFilename": "mochawesome",
        "saveHtml": false,
        "saveJson": true,
        "consoleReporter": "spec",
        "useInlineDiffs": false,
        "code": true
      },
      "version": "7.1.3"
    },
    "marge": {
      "options": {
        "id": "default",
        "reportDir": "cypress/reports/mocha",
        "quite": true,
        "overwrite": false,
        "html": false,
        "json": true
      },
      "version": "6.2.0"
    }
  }
}